<?xml version="1.0" encoding="UTF-8"?>
<!-- Generated by org.testng.reporters.JUnitReportReporter -->
<testsuite hostname="LAPTOP-1P383OOE" failures="0" tests="3" name="testCases.TC_Invalid_Valid_Login_Credentials" time="11.026" errors="0" timestamp="2025-05-08T15:32:17 IST" skipped="0">
  <testcase classname="testCases.TC_Invalid_Valid_Login_Credentials" name="Invalid_Password" time="3.727"/>
  <testcase classname="testCases.TC_Invalid_Valid_Login_Credentials" name="Invalid_Email" time="3.670"/>
  <testcase classname="testCases.TC_Invalid_Valid_Login_Credentials" name="valid_Credentials" time="3.629"/>
</testsuite> <!-- testCases.TC_Invalid_Valid_Login_Credentials -->
