<?xml version="1.0" encoding="UTF-8"?>
<!-- Generated by org.testng.reporters.JUnitReportReporter -->
<testsuite hostname="LAPTOP-1P383OOE" failures="0" tests="3" name="testCases.TC03_LoginDD" time="41.176" errors="0" timestamp="2025-05-08T15:32:17 IST" skipped="0">
  <testcase classname="testCases.TC03_LoginDD" name="Invalid_Email" time="34.270"/>
  <testcase classname="testCases.TC03_LoginDD" name="Invalid_Email" time="3.432"/>
  <testcase classname="testCases.TC03_LoginDD" name="Invalid_Email" time="3.474"/>
</testsuite> <!-- testCases.TC03_LoginDD -->
