<?xml version="1.0" encoding="UTF-8"?>
<!-- Generated by org.testng.reporters.JUnitReportReporter -->
<testsuite hostname="LAPTOP-1P383OOE" failures="0" tests="1" name="testCases.TC_MedicareSignup" time="12.052" errors="0" timestamp="2025-05-08T15:07:32 IST" skipped="0">
  <testcase classname="testCases.TC_MedicareSignup" name="Verify_MedicarSignUP" time="12.052"/>
</testsuite> <!-- testCases.TC_MedicareSignup -->
